<?xml version="1.0" encoding="UTF-8"?>
<testng-results ignored="0" total="1" passed="1" failed="0" skipped="0">
  <reporter-output>
  </reporter-output>
  <suite started-at="2022-11-19T23:37:58 IST" name="Default suite" finished-at="2022-11-19T23:38:01 IST" duration-ms="3123">
    <groups>
    </groups>
    <test started-at="2022-11-19T23:37:58 IST" name="Default test" finished-at="2022-11-19T23:38:01 IST" duration-ms="3123">
      <class name="TC004_PrintAllHeaders_GET">
        <test-method signature="printAllHeaders()[pri:0, instance:TC004_PrintAllHeaders_GET@3d6f0054]" started-at="2022-11-19T23:37:58 IST" name="printAllHeaders" finished-at="2022-11-19T23:38:01 IST" duration-ms="3034" status="PASS">
          <reporter-output>
          </reporter-output>
        </test-method> <!-- printAllHeaders -->
      </class> <!-- TC004_PrintAllHeaders_GET -->
    </test> <!-- Default test -->
  </suite> <!-- Default suite -->
</testng-results>
